This is pdfTeX, Version 3.141592653-2.6-1.40.24 (MiKTeX 22.3) (preloaded format=pdflatex 2022.3.22)  28 MAR 2022 12:27
entering extended mode
 restricted \write18 enabled.
 %&-line parsing enabled.
**./Bachelor_Thesis_KIDs.tex
(Bachelor_Thesis_KIDs.tex
LaTeX2e <2021-11-15> patch level 1
L3 programming layer <2022-02-24> (imsart.cls
Document Class: imsart 2010/04/27 driver class for package imsart.sty
(C:\Users\blasc\AppData\Local\Programs\MiKTeX\tex/latex/base\article.cls
Document Class: article 2021/10/04 v1.4n Standard LaTeX document class
(C:\Users\blasc\AppData\Local\Programs\MiKTeX\tex/latex/base\size10.clo
File: size10.clo 2021/10/04 v1.4n Standard LaTeX file (size option)
)
\c@part=\count185
\c@section=\count186
\c@subsection=\count187
\c@subsubsection=\count188
\c@paragraph=\count189
\c@subparagraph=\count190
\c@figure=\count191
\c@table=\count192
\abovecaptionskip=\skip47
\belowcaptionskip=\skip48
\bibindent=\dimen138
)
(imsart.sty
File: imsart.sty 2013/03/06IMS article style (VS)

No file imsart.cnf.
(C:\Users\blasc\AppData\Local\Programs\MiKTeX\tex/latex/base\leqno.clo
File: leqno.clo 2016/12/29 v1.2b Standard LaTeX option (left equation numbers)
)
\c@firstpage=\count193
\c@lastpage=\count194
\c@thanks=\count195
\c@addressref=\count196

(C:\Users\blasc\AppData\Local\Programs\MiKTeX\tex/latex/graphics\keyval.sty
Package: keyval 2014/10/28 v1.15 key=value parser (DPC)
\KV@toks@=\toks16
)
\c@emailref=\count197
\c@author=\count198
\c@address=\count199
\sv@mathsurround=\dimen139
\sv@parindent=\dimen140
\fm@box=\box50
\fm@size=\dimen141
\t@xtheight=\dimen142
\abstract@box=\box51
\keyword@box=\box52
\pre@kwd@depth=\dimen143
\keyword@toks=\toks17
\authors@list=\toks18
\keywords@list=\toks19

No file imsart-aos.cnf.
)) (C:\Users\blasc\AppData\Local\Programs\MiKTeX\tex/latex/amscls\amsthm.sty
Package: amsthm 2020/05/29 v2.20.6
\thm@style=\toks20
\thm@bodyfont=\toks21
\thm@headfont=\toks22
\thm@notefont=\toks23
\thm@headpunct=\toks24
\thm@preskip=\skip49
\thm@postskip=\skip50
\thm@headsep=\skip51
\dth@everypar=\toks25
)
(C:\Users\blasc\AppData\Local\Programs\MiKTeX\tex/latex/amsmath\amsmath.sty
Package: amsmath 2021/10/15 v2.17l AMS math features
\@mathmargin=\skip52

For additional information on amsmath, use the `?' option.
(C:\Users\blasc\AppData\Local\Programs\MiKTeX\tex/latex/amsmath\amstext.sty
Package: amstext 2021/08/26 v2.01 AMS text

(C:\Users\blasc\AppData\Local\Programs\MiKTeX\tex/latex/amsmath\amsgen.sty
File: amsgen.sty 1999/11/30 v2.0 generic functions
\@emptytoks=\toks26
\ex@=\dimen144
))
(C:\Users\blasc\AppData\Local\Programs\MiKTeX\tex/latex/amsmath\amsbsy.sty
Package: amsbsy 1999/11/29 v1.2d Bold Symbols
\pmbraise@=\dimen145
)
(C:\Users\blasc\AppData\Local\Programs\MiKTeX\tex/latex/amsmath\amsopn.sty
Package: amsopn 2021/08/26 v2.02 operator names
)
\inf@bad=\count266
LaTeX Info: Redefining \frac on input line 234.
\uproot@=\count267
\leftroot@=\count268
LaTeX Info: Redefining \overline on input line 399.
\classnum@=\count269
\DOTSCASE@=\count270
LaTeX Info: Redefining \ldots on input line 496.
LaTeX Info: Redefining \dots on input line 499.
LaTeX Info: Redefining \cdots on input line 620.
\Mathstrutbox@=\box53
\strutbox@=\box54
\big@size=\dimen146
LaTeX Font Info:    Redeclaring font encoding OML on input line 743.
LaTeX Font Info:    Redeclaring font encoding OMS on input line 744.
\macc@depth=\count271
\c@MaxMatrixCols=\count272
\dotsspace@=\muskip16
\c@parentequation=\count273
\dspbrk@lvl=\count274
\tag@help=\toks27
\row@=\count275
\column@=\count276
\maxfields@=\count277
\andhelp@=\toks28
\eqnshift@=\dimen147
\alignsep@=\dimen148
\tagshift@=\dimen149
\tagwidth@=\dimen150
\totwidth@=\dimen151
\lineht@=\dimen152
\@envbody=\toks29
\multlinegap=\skip53
\multlinetaggap=\skip54
\mathdisplay@stack=\toks30
LaTeX Info: Redefining \[ on input line 2938.
LaTeX Info: Redefining \] on input line 2939.
)
(C:\Users\blasc\AppData\Local\Programs\MiKTeX\tex/latex/amsfonts\amssymb.sty
Package: amssymb 2013/01/14 v3.01 AMS font symbols

(C:\Users\blasc\AppData\Local\Programs\MiKTeX\tex/latex/amsfonts\amsfonts.sty
Package: amsfonts 2013/01/14 v3.01 Basic AMSFonts support


Package amsfonts Warning: The 'psamsfonts' option is obsolete in AMSFonts v3.

\symAMSa=\mathgroup4
\symAMSb=\mathgroup5
LaTeX Font Info:    Redeclaring math symbol \hbar on input line 98.
LaTeX Font Info:    Overwriting math alphabet `\mathfrak' in version `bold'
(Font)                  U/euf/m/n --> U/euf/b/n on input line 106.
))
(C:\Users\blasc\AppData\Local\Programs\MiKTeX\tex/latex/graphics\graphicx.sty
Package: graphicx 2021/09/16 v1.2d Enhanced LaTeX Graphics (DPC,SPQR)

(C:\Users\blasc\AppData\Local\Programs\MiKTeX\tex/latex/graphics\graphics.sty
Package: graphics 2021/03/04 v1.4d Standard LaTeX Graphics (DPC,SPQR)

(C:\Users\blasc\AppData\Local\Programs\MiKTeX\tex/latex/graphics\trig.sty
Package: trig 2021/08/11 v1.11 sin cos tan (DPC)
)
(C:\Users\blasc\AppData\Local\Programs\MiKTeX\tex/latex/graphics-cfg\graphics.c
fg
File: graphics.cfg 2016/06/04 v1.11 sample graphics configuration
)
Package graphics Info: Driver file: pdftex.def on input line 107.

(C:\Users\blasc\AppData\Local\Programs\MiKTeX\tex/latex/graphics-def\pdftex.def
File: pdftex.def 2020/10/05 v1.2a Graphics/color driver for pdftex
))
\Gin@req@height=\dimen153
\Gin@req@width=\dimen154
)
(C:\Users\blasc\AppData\Local\Programs\MiKTeX\tex/latex/biblatex\biblatex.sty
Package: biblatex 2022/02/02 v3.17 programmable bibliographies (PK/MW)

(C:\Users\blasc\AppData\Local\Programs\MiKTeX\tex/generic/pdftexcmds\pdftexcmds
.sty
Package: pdftexcmds 2020-06-27 v0.33 Utility functions of pdfTeX for LuaTeX (HO
)

(C:\Users\blasc\AppData\Local\Programs\MiKTeX\tex/generic/infwarerr\infwarerr.s
ty
Package: infwarerr 2019/12/03 v1.5 Providing info/warning/error messages (HO)
) (C:\Users\blasc\AppData\Local\Programs\MiKTeX\tex/generic/iftex\iftex.sty
Package: iftex 2022/02/03 v1.0f TeX engine tests
)
(C:\Users\blasc\AppData\Local\Programs\MiKTeX\tex/generic/ltxcmds\ltxcmds.sty
Package: ltxcmds 2020-05-10 v1.25 LaTeX kernel commands for general use (HO)
)
Package pdftexcmds Info: \pdf@primitive is available.
Package pdftexcmds Info: \pdf@ifprimitive is available.
Package pdftexcmds Info: \pdfdraftmode found.
) (C:\Users\blasc\AppData\Local\Programs\MiKTeX\tex/latex/etoolbox\etoolbox.sty
Package: etoolbox 2020/10/05 v2.5k e-TeX tools for LaTeX (JAW)
\etb@tempcnta=\count278
)
(C:\Users\blasc\AppData\Local\Programs\MiKTeX\tex/latex/kvoptions\kvoptions.sty
Package: kvoptions 2020-10-07 v3.14 Key value format for package options (HO)

(C:\Users\blasc\AppData\Local\Programs\MiKTeX\tex/generic/kvsetkeys\kvsetkeys.s
ty
Package: kvsetkeys 2019/12/15 v1.18 Key value parser (HO)
)) (C:\Users\blasc\AppData\Local\Programs\MiKTeX\tex/latex/logreq\logreq.sty
Package: logreq 2010/08/04 v1.0 xml request logger
\lrq@indent=\count279

(C:\Users\blasc\AppData\Local\Programs\MiKTeX\tex/latex/logreq\logreq.def
File: logreq.def 2010/08/04 v1.0 logreq spec v1.0
))
(C:\Users\blasc\AppData\Local\Programs\MiKTeX\tex/latex/base\ifthen.sty
Package: ifthen 2020/11/24 v1.1c Standard LaTeX ifthen package (DPC)
)
(C:\Users\blasc\AppData\Local\Programs\MiKTeX\tex/latex/url\url.sty
\Urlmuskip=\muskip17
Package: url 2013/09/16  ver 3.4  Verb mode for urls, etc.
)
\c@tabx@nest=\count280
\c@listtotal=\count281
\c@listcount=\count282
\c@liststart=\count283
\c@liststop=\count284
\c@citecount=\count285
\c@citetotal=\count286
\c@multicitecount=\count287
\c@multicitetotal=\count288
\c@instcount=\count289
\c@maxnames=\count290
\c@minnames=\count291
\c@maxitems=\count292
\c@minitems=\count293
\c@citecounter=\count294
\c@maxcitecounter=\count295
\c@savedcitecounter=\count296
\c@uniquelist=\count297
\c@uniquename=\count298
\c@refsection=\count299
\c@refsegment=\count300
\c@maxextratitle=\count301
\c@maxextratitleyear=\count302
\c@maxextraname=\count303
\c@maxextradate=\count304
\c@maxextraalpha=\count305
\c@abbrvpenalty=\count306
\c@highnamepenalty=\count307
\c@lownamepenalty=\count308
\c@maxparens=\count309
\c@parenlevel=\count310
\blx@tempcnta=\count311
\blx@tempcntb=\count312
\blx@tempcntc=\count313
\c@blx@maxsection=\count314
\c@blx@maxsegment@0=\count315
\blx@notetype=\count316
\blx@parenlevel@text=\count317
\blx@parenlevel@foot=\count318
\c@blx@sectionciteorder@0=\count319
\blx@entrysetcounter=\count320
\blx@biblioinstance=\count321
\labelnumberwidth=\skip55
\labelalphawidth=\skip56
\biblabelsep=\skip57
\bibitemsep=\skip58
\bibnamesep=\skip59
\bibinitsep=\skip60
\bibparsep=\skip61
\bibhang=\skip62
\blx@bcfin=\read2
\blx@bcfout=\write3
\blx@langwohyphens=\language79
\c@mincomprange=\count322
\c@maxcomprange=\count323
\c@mincompwidth=\count324
Package biblatex Info: Trying to load biblatex default data model...
Package biblatex Info: ... file 'blx-dm.def' found.

(C:\Users\blasc\AppData\Local\Programs\MiKTeX\tex/latex/biblatex\blx-dm.def
File: blx-dm.def 2022/02/02 v3.17 biblatex localization (PK/MW)
)
Package biblatex Info: Trying to load biblatex style data model...
Package biblatex Info: ... file 'apa.dbx' found.

(C:\Users\blasc\AppData\Local\Programs\MiKTeX\tex/latex/biblatex-apa\apa.dbx
File: apa.dbx 2021/12/24 v9.15 APA biblatex style data model
)
Package biblatex Info: Trying to load biblatex custom data model...
Package biblatex Info: ... file 'biblatex-dm.cfg' not found.
\c@afterword=\count325
\c@savedafterword=\count326
\c@annotator=\count327
\c@savedannotator=\count328


! LaTeX Error: Command \c@author already defined.
               Or name \end... illegal, see p.192 of the manual.

See the LaTeX manual or LaTeX Companion for explanation.
Type  H <return>  for immediate help.
 ...                                              
                                                  
l.7425 \abx@donames
                   
Your command was ignored.
Type  I <command> <return>  to replace it with another command,
or  <return>  to continue without it.

\c@savedauthor=\count329
\c@bookauthor=\count330
\c@savedbookauthor=\count331
\c@commentator=\count332
\c@savedcommentator=\count333
\c@editor=\count334
\c@savededitor=\count335
\c@editora=\count336
\c@savededitora=\count337
\c@editorb=\count338
\c@savededitorb=\count339
\c@editorc=\count340
\c@savededitorc=\count341
\c@foreword=\count342
\c@savedforeword=\count343
\c@holder=\count344
\c@savedholder=\count345
\c@introduction=\count346
\c@savedintroduction=\count347
\c@namea=\count348
\c@savednamea=\count349
\c@nameb=\count350
\c@savednameb=\count351
\c@namec=\count352
\c@savednamec=\count353
\c@translator=\count354
\c@savedtranslator=\count355
\c@shortauthor=\count356
\c@savedshortauthor=\count357
\c@shorteditor=\count358
\c@savedshorteditor=\count359
\c@narrator=\count360
\c@savednarrator=\count361
\c@execproducer=\count362
\c@savedexecproducer=\count363
\c@execdirector=\count364
\c@savedexecdirector=\count365
\c@with=\count366
\c@savedwith=\count367
\c@labelname=\count368
\c@savedlabelname=\count369
\c@institution=\count370
\c@savedinstitution=\count371
\c@lista=\count372
\c@savedlista=\count373
\c@listb=\count374
\c@savedlistb=\count375
\c@listc=\count376
\c@savedlistc=\count377
\c@listd=\count378
\c@savedlistd=\count379
\c@liste=\count380
\c@savedliste=\count381
\c@listf=\count382
\c@savedlistf=\count383
\c@location=\count384
\c@savedlocation=\count385
\c@organization=\count386
\c@savedorganization=\count387
\c@origlocation=\count388
\c@savedoriglocation=\count389
\c@origpublisher=\count390
\c@savedorigpublisher=\count391
\c@publisher=\count392
\c@savedpublisher=\count393
\c@language=\count394
\c@savedlanguage=\count395
\c@origlanguage=\count396
\c@savedoriglanguage=\count397
\c@citation=\count398
\c@savedcitation=\count399
\c@pageref=\count400
\c@savedpageref=\count401
\shorthandwidth=\skip63
\shortjournalwidth=\skip64
\shortserieswidth=\skip65
\shorttitlewidth=\skip66
\shortauthorwidth=\skip67
\shorteditorwidth=\skip68
\locallabelnumberwidth=\skip69
\locallabelalphawidth=\skip70
\localshorthandwidth=\skip71
\localshortjournalwidth=\skip72
\localshortserieswidth=\skip73
\localshorttitlewidth=\skip74
\localshortauthorwidth=\skip75
\localshorteditorwidth=\skip76
Package biblatex Info: Trying to load compatibility code...
Package biblatex Info: ... file 'blx-compat.def' found.

(C:\Users\blasc\AppData\Local\Programs\MiKTeX\tex/latex/biblatex\blx-compat.def
File: blx-compat.def 2022/02/02 v3.17 biblatex compatibility (PK/MW)
)
Package biblatex Info: Trying to load generic definitions...
Package biblatex Info: ... file 'biblatex.def' found.
 (C:\Users\blasc\AppData\Local\Programs\MiKTeX\tex/latex/biblatex\biblatex.def
File: biblatex.def 2022/02/02 v3.17 biblatex compatibility (PK/MW)
\c@textcitecount=\count402
\c@textcitetotal=\count403
\c@textcitemaxnames=\count404
\c@biburlbigbreakpenalty=\count405
\c@biburlbreakpenalty=\count406
\c@biburlnumpenalty=\count407
\c@biburlucpenalty=\count408
\c@biburllcpenalty=\count409
\biburlbigskip=\muskip18
\biburlnumskip=\muskip19
\biburlucskip=\muskip20
\biburllcskip=\muskip21
\c@smartand=\count410
)
Package biblatex Info: Trying to load natbib compatibility...
Package biblatex Info: ... file 'blx-natbib.def' found.

(C:\Users\blasc\AppData\Local\Programs\MiKTeX\tex/latex/biblatex\blx-natbib.def
File: blx-natbib.def 2022/02/02 v3.17 biblatex compatibility (PK/MW)
Package biblatex Info: Delimiter 'nameyeardelim' in context '' already defined,
 overwriting.
)
Package biblatex Info: Trying to load bibliography style 'apa'...
Package biblatex Info: ... file 'apa.bbx' found.
 (C:\Users\blasc\AppData\Local\Programs\MiKTeX\tex/latex/biblatex-apa\apa.bbx
File: apa.bbx 2021/12/24 v9.15 APA biblatex references style
Package biblatex Info: Trying to load bibliography style 'standard'...
Package biblatex Info: ... file 'standard.bbx' found.

(C:\Users\blasc\AppData\Local\Programs\MiKTeX\tex/latex/biblatex/bbx\standard.b
bx
File: standard.bbx 2022/02/02 v3.17 biblatex bibliography style (PK/MW)
\c@bbx:relatedcount=\count411
\c@bbx:relatedtotal=\count412
)
Package biblatex Info: Delimiter 'nameyeardelim' in context 'bib' already defin
ed, overwriting.
Package biblatex Info: Delimiter 'nameyeardelim' in context 'biblist' already d
efined, overwriting.


Package biblatex Warning: The starred command '\DeclareDelimAlias*' is
(biblatex)                deprecated.
(biblatex)                Use the unstarred version '\DeclareDelimAlias'
(biblatex)                instead.

Package biblatex Info: Delimiter 'nonameyeardelim' in context 'bib' already def
ined, overwriting.
Package biblatex Info: Delimiter 'nonameyeardelim' in context 'biblist' already
 defined, overwriting.
)
Package biblatex Info: Trying to load citation style 'apa'...
Package biblatex Info: ... file 'apa.cbx' found.
 (C:\Users\blasc\AppData\Local\Programs\MiKTeX\tex/latex/biblatex-apa\apa.cbx
File: apa.cbx 2021/12/24 v9.15 APA biblatex citation style
Package biblatex Info: Delimiter 'nameyeardelim' in context '' already defined,
 overwriting.
Package biblatex Info: Delimiter 'andothersdelim' in context '' already defined
, overwriting.
Package biblatex Info: Redefining '\fullcite'.
Package biblatex Info: Redefining '\citeauthor'.
Package biblatex Info: Redefining '\citeyear'.
Package biblatex Info: Redefining '\cite'.
Package biblatex Info: Redefining '\cites'.
Package biblatex Info: Redefining '\parencite'.
Package biblatex Info: Redefining '\parencites'.
Package biblatex Info: Redefining '\footcite'.
Package biblatex Info: Redefining '\footcites'.
Package biblatex Info: Redefining '\footcitetext'.
Package biblatex Info: Redefining '\footcitetexts'.
Package biblatex Info: Redefining '\smartcite'.
Package biblatex Info: Redefining '\smartcites'.
Package biblatex Info: Redefining '\textcite'.
Package biblatex Info: Redefining '\textcites'.
)
Package biblatex Info: Trying to load configuration file...
Package biblatex Info: ... file 'biblatex.cfg' found.
(C:\Users\blasc\AppData\Local\Programs\MiKTeX\tex/latex/biblatex\biblatex.cfg
File: biblatex.cfg 
)
Package biblatex Info: Input encoding 'utf8' detected.
Package biblatex Info: Document encoding is UTF8 ....

(C:\Users\blasc\AppData\Local\Programs\MiKTeX\tex/latex/l3kernel\expl3.sty
Package: expl3 2022-02-24 L3 programming layer (loader) 

(C:\Users\blasc\AppData\Local\Programs\MiKTeX\tex/latex/l3backend\l3backend-pdf
tex.def
File: l3backend-pdftex.def 2022-02-07 L3 backend support: PDF output (pdfTeX)
\l__color_backend_stack_int=\count413
\l__pdf_internal_box=\box55
))
Package biblatex Info: ... and expl3
(biblatex)             2022-02-24 L3 programming layer (loader) 
(biblatex)             is new enough (at least 2020/04/06),
(biblatex)             setting 'casechanger=expl3'.

(C:\Users\blasc\AppData\Local\Programs\MiKTeX\tex/latex/biblatex\blx-case-expl3
.sty
(C:\Users\blasc\AppData\Local\Programs\MiKTeX\tex/latex/l3packages/xparse\xpars
e.sty
Package: xparse 2022-01-12 L3 Experimental document command parser
)
Package: blx-case-expl3 2022/02/02 v3.17 expl3 case changing code for biblatex
))
(C:\Users\blasc\AppData\Local\Programs\MiKTeX\tex/latex/hyperref\hyperref.sty
Package: hyperref 2022-02-21 v7.00n Hypertext links for LaTeX

(C:\Users\blasc\AppData\Local\Programs\MiKTeX\tex/generic/kvdefinekeys\kvdefine
keys.sty
Package: kvdefinekeys 2019-12-19 v1.6 Define keys (HO)
)
(C:\Users\blasc\AppData\Local\Programs\MiKTeX\tex/generic/pdfescape\pdfescape.s
ty
Package: pdfescape 2019/12/09 v1.15 Implements pdfTeX's escape features (HO)
) (C:\Users\blasc\AppData\Local\Programs\MiKTeX\tex/latex/hycolor\hycolor.sty
Package: hycolor 2020-01-27 v1.10 Color options for hyperref/bookmark (HO)
)
(C:\Users\blasc\AppData\Local\Programs\MiKTeX\tex/latex/letltxmacro\letltxmacro
.sty
Package: letltxmacro 2019/12/03 v1.6 Let assignment for LaTeX macros (HO)
)
(C:\Users\blasc\AppData\Local\Programs\MiKTeX\tex/latex/auxhook\auxhook.sty
Package: auxhook 2019-12-17 v1.6 Hooks for auxiliary files (HO)
)
\@linkdim=\dimen155
\Hy@linkcounter=\count414
\Hy@pagecounter=\count415

(C:\Users\blasc\AppData\Local\Programs\MiKTeX\tex/latex/hyperref\pd1enc.def
File: pd1enc.def 2022-02-21 v7.00n Hyperref: PDFDocEncoding definition (HO)
Now handling font encoding PD1 ...
... no UTF-8 mapping file for font encoding PD1
)
(C:\Users\blasc\AppData\Local\Programs\MiKTeX\tex/generic/intcalc\intcalc.sty
Package: intcalc 2019/12/15 v1.3 Expandable calculations with integers (HO)
)
(C:\Users\blasc\AppData\Local\Programs\MiKTeX\tex/generic/etexcmds\etexcmds.sty
Package: etexcmds 2019/12/15 v1.7 Avoid name clashes with e-TeX commands (HO)
)
\Hy@SavedSpaceFactor=\count416
 (C:\Users\blasc\AppData\Local\Programs\MiKTeX\tex/latex/hyperref\puenc.def
File: puenc.def 2022-02-21 v7.00n Hyperref: PDF Unicode definition (HO)
Now handling font encoding PU ...
... no UTF-8 mapping file for font encoding PU
)
Package hyperref Info: Option `colorlinks' set `true' on input line 4018.


Package hyperref Warning: Option `pagecolor' is not available anymore.

Package hyperref Info: Option `linktocpage' set `true' on input line 4018.
Package hyperref Info: Option `colorlinks' set `true' on input line 4018.
Package hyperref Info: Hyper figures OFF on input line 4137.
Package hyperref Info: Link nesting OFF on input line 4142.
Package hyperref Info: Hyper index ON on input line 4145.
Package hyperref Info: Plain pages OFF on input line 4152.
Package hyperref Info: Backreferencing OFF on input line 4157.
Package hyperref Info: Implicit mode ON; LaTeX internals redefined.
Package hyperref Info: Bookmarks ON on input line 4390.
\c@Hy@tempcnt=\count417
LaTeX Info: Redefining \url on input line 4749.
\XeTeXLinkMargin=\dimen156
(C:\Users\blasc\AppData\Local\Programs\MiKTeX\tex/generic/bitset\bitset.sty
Package: bitset 2019/12/09 v1.3 Handle bit-vector datatype (HO)

(C:\Users\blasc\AppData\Local\Programs\MiKTeX\tex/generic/bigintcalc\bigintcalc
.sty
Package: bigintcalc 2019/12/15 v1.5 Expandable calculations on big integers (HO
)
))
\Fld@menulength=\count418
\Field@Width=\dimen157
\Fld@charsize=\dimen158
Package hyperref Info: Hyper figures OFF on input line 6027.
Package hyperref Info: Link nesting OFF on input line 6032.
Package hyperref Info: Hyper index ON on input line 6035.
Package hyperref Info: backreferencing OFF on input line 6042.
Package hyperref Info: Link coloring ON on input line 6045.
Package hyperref Info: Link coloring with OCG OFF on input line 6052.
Package hyperref Info: PDF/A mode OFF on input line 6057.
LaTeX Info: Redefining \ref on input line 6097.
LaTeX Info: Redefining \pageref on input line 6101.

(C:\Users\blasc\AppData\Local\Programs\MiKTeX\tex/latex/base\atbegshi-ltx.sty
Package: atbegshi-ltx 2021/01/10 v1.0c Emulation of the original atbegshi
package with kernel methods
)
\Hy@abspage=\count419
\c@Item=\count420
\c@Hfootnote=\count421
)
Package hyperref Info: Driver (autodetected): hpdftex.
(C:\Users\blasc\AppData\Local\Programs\MiKTeX\tex/latex/hyperref\hpdftex.def
File: hpdftex.def 2022-02-21 v7.00n Hyperref driver for pdfTeX

(C:\Users\blasc\AppData\Local\Programs\MiKTeX\tex/latex/base\atveryend-ltx.sty
Package: atveryend-ltx 2020/08/19 v1.0a Emulation of the original atveryend pac
kage
with kernel methods
)
\Fld@listcount=\count422
\c@bookmark@seq@number=\count423

(C:\Users\blasc\AppData\Local\Programs\MiKTeX\tex/latex/rerunfilecheck\rerunfil
echeck.sty
Package: rerunfilecheck 2019/12/05 v1.9 Rerun checks for auxiliary files (HO)

(C:\Users\blasc\AppData\Local\Programs\MiKTeX\tex/generic/uniquecounter\uniquec
ounter.sty
Package: uniquecounter 2019/12/15 v1.4 Provide unlimited unique counter (HO)
)
Package uniquecounter Info: New unique counter `rerunfilecheck' on input line 2
86.
)
\Hy@SectionHShift=\skip77
)
(C:\Users\blasc\AppData\Local\Programs\MiKTeX\tex/latex/base\inputenc.sty
Package: inputenc 2021/02/14 v1.3d Input encoding file
\inpenc@prehook=\toks31
\inpenc@posthook=\toks32
)
(C:\Users\blasc\AppData\Local\Programs\MiKTeX\tex/latex/relsize\relsize.sty
Package: relsize 2013/03/29 ver 4.1
)
(C:\Users\blasc\AppData\Local\Programs\MiKTeX\tex/latex/doublestroke\dsfont.sty
Package: dsfont 1995/08/01 v0.1 Double stroke roman fonts
) (C:\Users\blasc\AppData\Local\Programs\MiKTeX\tex/latex/float\float.sty
Package: float 2001/11/08 v1.3d Float enhancements (AL)
\c@float@type=\count424
\float@exts=\toks33
\float@box=\box56
\@float@everytoks=\toks34
\@floatcapt=\box57
)
\c@thm=\count425


Package biblatex Warning: Load 'inputenc' before biblatex.

\@quotelevel=\count426
\@quotereset=\count427
(Bachelor_Thesis_KIDs.aux)
\openout1 = `Bachelor_Thesis_KIDs.aux'.

LaTeX Font Info:    Checking defaults for OML/cmm/m/it on input line 44.
LaTeX Font Info:    ... okay on input line 44.
LaTeX Font Info:    Checking defaults for OMS/cmsy/m/n on input line 44.
LaTeX Font Info:    ... okay on input line 44.
LaTeX Font Info:    Checking defaults for OT1/cmr/m/n on input line 44.
LaTeX Font Info:    ... okay on input line 44.
LaTeX Font Info:    Checking defaults for T1/cmr/m/n on input line 44.
LaTeX Font Info:    ... okay on input line 44.
LaTeX Font Info:    Checking defaults for TS1/cmr/m/n on input line 44.
LaTeX Font Info:    ... okay on input line 44.
LaTeX Font Info:    Checking defaults for OMX/cmex/m/n on input line 44.
LaTeX Font Info:    ... okay on input line 44.
LaTeX Font Info:    Checking defaults for U/cmr/m/n on input line 44.
LaTeX Font Info:    ... okay on input line 44.
LaTeX Font Info:    Checking defaults for PD1/pdf/m/n on input line 44.
LaTeX Font Info:    ... okay on input line 44.
LaTeX Font Info:    Checking defaults for PU/pdf/m/n on input line 44.
LaTeX Font Info:    ... okay on input line 44.

(C:\Users\blasc\AppData\Local\Programs\MiKTeX\tex/context/base/mkii\supp-pdf.mk
ii
[Loading MPS to PDF converter (version 2006.09.02).]
\scratchcounter=\count428
\scratchdimen=\dimen159
\scratchbox=\box58
\nofMPsegments=\count429
\nofMParguments=\count430
\everyMPshowfont=\toks35
\MPscratchCnt=\count431
\MPscratchDim=\dimen160
\MPnumerator=\count432
\makeMPintoPDFobject=\count433
\everyMPtoPDFconversion=\toks36
)
(C:\Users\blasc\AppData\Local\Programs\MiKTeX\tex/latex/epstopdf-pkg\epstopdf-b
ase.sty
Package: epstopdf-base 2020-01-24 v2.11 Base part for package epstopdf
Package epstopdf-base Info: Redefining graphics rule for `.eps' on input line 4
85.

(C:\Users\blasc\AppData\Local\Programs\MiKTeX\tex/latex/00miktex\epstopdf-sys.c
fg
File: epstopdf-sys.cfg 2021/03/18 v2.0 Configuration of epstopdf for MiKTeX
))
Package biblatex Info: Trying to load language 'english' -> 'english-apa'...
Package biblatex Info: ... file 'english-apa.lbx' found.

(C:\Users\blasc\AppData\Local\Programs\MiKTeX\tex/latex/biblatex-apa\english-ap
a.lbx
File: english-apa.lbx 2021/12/24 v9.15 APA biblatex localisation
Package biblatex Info: Trying to load language 'english'...
Package biblatex Info: ... file 'english.lbx' found.

(C:\Users\blasc\AppData\Local\Programs\MiKTeX\tex/latex/biblatex/lbx\english.lb
x
File: english.lbx 2022/02/02 v3.17 biblatex localization (PK/MW)
)
Package biblatex Info: Trying to load language 'american' -> 'american-apa'...
Package biblatex Info: ... file 'american-apa.lbx' found.

(C:\Users\blasc\AppData\Local\Programs\MiKTeX\tex/latex/biblatex-apa\american-a
pa.lbx
File: american-apa.lbx 2021/12/24 v9.15 APA biblatex localisation
Package biblatex Info: Trying to load language 'american'...
Package biblatex Info: ... file 'american.lbx' found.

(C:\Users\blasc\AppData\Local\Programs\MiKTeX\tex/latex/biblatex/lbx\american.l
bx
File: american.lbx 2022/02/02 v3.17 biblatex localization (PK/MW)
Package biblatex Info: Trying to load language 'english'...
Package biblatex Info: ... file 'english.lbx' found.

(C:\Users\blasc\AppData\Local\Programs\MiKTeX\tex/latex/biblatex/lbx\english.lb
x
File: english.lbx 2022/02/02 v3.17 biblatex localization (PK/MW)
))))
Package biblatex Info: Input encoding 'utf8' detected.
Package biblatex Info: Automatic encoding selection.
(biblatex)             Assuming data encoding 'utf8'.
\openout3 = `Bachelor_Thesis_KIDs.bcf'.

Package biblatex Info: Trying to load bibliographic data...
Package biblatex Info: ... file 'Bachelor_Thesis_KIDs.bbl' found.
 (Bachelor_Thesis_KIDs.bbl)
Package biblatex Info: Reference section=0 on input line 44.
Package biblatex Info: Reference segment=0 on input line 44.

(C:\Users\blasc\AppData\Local\Programs\MiKTeX\tex/latex/graphics\color.sty
Package: color 2021/12/07 v1.3c Standard LaTeX Color (DPC)

(C:\Users\blasc\AppData\Local\Programs\MiKTeX\tex/latex/graphics-cfg\color.cfg
File: color.cfg 2016/01/02 v1.6 sample color configuration
)
Package color Info: Driver file: pdftex.def on input line 149.
)
Package hyperref Info: Link coloring ON on input line 44.
 (C:\Users\blasc\AppData\Local\Programs\MiKTeX\tex/latex/hyperref\nameref.sty
Package: nameref 2021-04-02 v2.47 Cross-referencing by name of section

(C:\Users\blasc\AppData\Local\Programs\MiKTeX\tex/latex/refcount\refcount.sty
Package: refcount 2019/12/15 v3.6 Data extraction from label references (HO)
)
(C:\Users\blasc\AppData\Local\Programs\MiKTeX\tex/generic/gettitlestring\gettit
lestring.sty
Package: gettitlestring 2019/12/15 v1.6 Cleanup title references (HO)
)
\c@section@level=\count434
)
LaTeX Info: Redefining \ref on input line 44.
LaTeX Info: Redefining \pageref on input line 44.
LaTeX Info: Redefining \nameref on input line 44.
 (Bachelor_Thesis_KIDs.out) (Bachelor_Thesis_KIDs.out)
\@outlinefile=\write4
\openout4 = `Bachelor_Thesis_KIDs.out'.

LaTeX Font Info:    Trying to load font information for U+msa on input line 47.


(C:\Users\blasc\AppData\Local\Programs\MiKTeX\tex/latex/amsfonts\umsa.fd
File: umsa.fd 2013/01/14 v3.01 AMS symbols A
)
LaTeX Font Info:    Trying to load font information for U+msb on input line 47.


(C:\Users\blasc\AppData\Local\Programs\MiKTeX\tex/latex/amsfonts\umsb.fd
File: umsb.fd 2013/01/14 v3.01 AMS symbols B
)

LaTeX Font Warning: Font shape `OT1/cmr/m/scit' undefined
(Font)              using `OT1/cmr/m/it' instead on input line 57.


Package hyperref Warning: Suppressing link with empty target on input line 82.

[1{C:/Users/blasc/AppData/Local/MiKTeX/fonts/map/pdftex/pdftex.map}

]

LaTeX Font Warning: Font shape `OT1/cmr/m/scit' undefined
(Font)              using `OT1/cmr/m/sc' instead on input line 95.

LaTeX Font Info:    Trying to load font information for U+dsrom on input line 1
23.
(C:\Users\blasc\AppData\Local\Programs\MiKTeX\tex/latex/doublestroke\udsrom.fd
File: Udsrom.fd 1995/08/01 v0.1 Double stroke roman font definitions
) [2
pdfTeX warning (ext4): destination with the same identifier (name{table.1}) has
 been already used, duplicate ignored
<argument> ...shipout:D \box_use:N \l_shipout_box 
                                                  \__shipout_drop_firstpage_...
l.127 \newpage
              ]
<data_overview.jpeg, id=71, 505.89pt x 361.35pt>
File: data_overview.jpeg Graphic file (type jpg)
<use data_overview.jpeg>
Package pdftex.def Info: data_overview.jpeg  used on input line 133.
(pdftex.def)             Requested size: 341.43306pt x 243.88419pt.


LaTeX Font Warning: Font shape `OT1/cmr/m/scit' undefined
(Font)              using `OT1/cmr/m/sc' instead on input line 134.

[3
pdfTeX warning (ext4): destination with the same identifier (name{figure.1}) ha
s been already used, duplicate ignored
<argument> ...shipout:D \box_use:N \l_shipout_box 
                                                  \__shipout_drop_firstpage_...
l.141 \newpage
               <./data_overview.jpeg>] [4]
Overfull \hbox (8.96451pt too wide) in paragraph at lines 162--162
[][]\OT1/cmr/m/n/10 FMA. (2011). Or-di-nance of the fi-nan-cial mar-ket au-thor
-ity. \OT1/cmr/m/it/10 KID-V, BGBI II 265/2011\OT1/cmr/m/n/10 . 
 []

[5] (Bachelor_Thesis_KIDs.aux)
Package rerunfilecheck Info: File `Bachelor_Thesis_KIDs.out' has not changed.
(rerunfilecheck)             Checksum: 3631FB252AC9E3E5C7456677506871EB;971.
Package logreq Info: Writing requests to 'Bachelor_Thesis_KIDs.run.xml'.
\openout1 = `Bachelor_Thesis_KIDs.run.xml'.

 ) 
Here is how much of TeX's memory you used:
 18524 strings out of 478582
 324954 string characters out of 2844344
 1098997 words of memory out of 3000000
 36464 multiletter control sequences out of 15000+600000
 478147 words of font info for 64 fonts, out of 8000000 for 9000
 1141 hyphenation exceptions out of 8191
 60i,10n,68p,958b,5035s stack positions out of 10000i,1000n,20000p,200000b,80000s
<C:/Users/blasc/AppData/Local/Programs/MiKTeX/fonts/type1/public/amsfonts/cm/
cmbx10.pfb><C:/Users/blasc/AppData/Local/Programs/MiKTeX/fonts/type1/public/ams
fonts/cm/cmcsc10.pfb><C:/Users/blasc/AppData/Local/Programs/MiKTeX/fonts/type1/
public/amsfonts/cm/cmex10.pfb><C:/Users/blasc/AppData/Local/Programs/MiKTeX/fon
ts/type1/public/amsfonts/cm/cmmi10.pfb><C:/Users/blasc/AppData/Local/Programs/M
iKTeX/fonts/type1/public/amsfonts/cm/cmmi5.pfb><C:/Users/blasc/AppData/Local/Pr
ograms/MiKTeX/fonts/type1/public/amsfonts/cm/cmmi6.pfb><C:/Users/blasc/AppData/
Local/Programs/MiKTeX/fonts/type1/public/amsfonts/cm/cmmi7.pfb><C:/Users/blasc/
AppData/Local/Programs/MiKTeX/fonts/type1/public/amsfonts/cm/cmmi8.pfb><C:/User
s/blasc/AppData/Local/Programs/MiKTeX/fonts/type1/public/amsfonts/cm/cmr10.pfb>
<C:/Users/blasc/AppData/Local/Programs/MiKTeX/fonts/type1/public/amsfonts/cm/cm
r6.pfb><C:/Users/blasc/AppData/Local/Programs/MiKTeX/fonts/type1/public/amsfont
s/cm/cmr7.pfb><C:/Users/blasc/AppData/Local/Programs/MiKTeX/fonts/type1/public/
amsfonts/cm/cmr8.pfb><C:/Users/blasc/AppData/Local/Programs/MiKTeX/fonts/type1/
public/amsfonts/cm/cmr9.pfb><C:/Users/blasc/AppData/Local/Programs/MiKTeX/fonts
/type1/public/amsfonts/cm/cmsy10.pfb><C:/Users/blasc/AppData/Local/Programs/MiK
TeX/fonts/type1/public/amsfonts/cm/cmsy7.pfb><C:/Users/blasc/AppData/Local/Prog
rams/MiKTeX/fonts/type1/public/amsfonts/cm/cmsy8.pfb><C:/Users/blasc/AppData/Lo
cal/Programs/MiKTeX/fonts/type1/public/amsfonts/cm/cmti10.pfb><C:/Users/blasc/A
ppData/Local/Programs/MiKTeX/fonts/type1/public/amsfonts/cm/cmti7.pfb><C:/Users
/blasc/AppData/Local/Programs/MiKTeX/fonts/type1/public/amsfonts/cm/cmti8.pfb><
C:/Users/blasc/AppData/Local/Programs/MiKTeX/fonts/type1/public/doublestroke/ds
rom10.pfb>
Output written on Bachelor_Thesis_KIDs.pdf (5 pages, 279471 bytes).
PDF statistics:
 172 PDF objects out of 1000 (max. 8388607)
 18 named destinations out of 1000 (max. 500000)
 78 words of extra memory for PDF output out of 10000 (max. 10000000)

